2020-08-03 10:36:48.336 [restartedMain] INFO  org.singhlee.admin.AdminApplication(StartupInfoLogger.java 50)  - Starting AdminApplication on WIN-VM9F011726C with PID 15756 (G:\IdeaProjects\admin-backend\target\classes started by Administrator in G:\IdeaProjects\admin-backend)
2020-08-03 10:36:48.354 [restartedMain] INFO  org.singhlee.admin.AdminApplication(SpringApplication.java 652)  - The following profiles are active: dev
2020-08-03 10:36:48.528 [restartedMain] INFO  o.s.b.d.env.DevToolsPropertyDefaultsPostProcessor(DeferredLog.java 225)  - Devtools property defaults active! Set 'spring.devtools.add-properties' to 'false' to disable
2020-08-03 10:36:48.530 [restartedMain] INFO  o.s.b.d.env.DevToolsPropertyDefaultsPostProcessor(DeferredLog.java 225)  - For additional web related logging consider setting the 'logging.level.web' property to 'DEBUG'
2020-08-03 10:36:53.023 [restartedMain] INFO  o.s.d.r.config.RepositoryConfigurationDelegate(RepositoryConfigurationDelegate.java 244)  - Multiple Spring Data modules found, entering strict repository configuration mode!
2020-08-03 10:36:53.028 [restartedMain] INFO  o.s.d.r.config.RepositoryConfigurationDelegate(RepositoryConfigurationDelegate.java 126)  - Bootstrapping Spring Data repositories in DEFAULT mode.
2020-08-03 10:36:53.183 [restartedMain] INFO  o.s.d.r.config.RepositoryConfigurationDelegate(RepositoryConfigurationDelegate.java 182)  - Finished Spring Data repository scanning in 131ms. Found 0 repository interfaces.
2020-08-03 10:36:53.990 [restartedMain] INFO  o.s.c.s.PostProcessorRegistrationDelegate$BeanPostProcessorChecker(PostProcessorRegistrationDelegate.java 330)  - Bean 'org.springframework.transaction.annotation.ProxyTransactionManagementConfiguration' of type [org.springframework.transaction.annotation.ProxyTransactionManagementConfiguration$$EnhancerBySpringCGLIB$$1742b350] is not eligible for getting processed by all BeanPostProcessors (for example: not eligible for auto-proxying)
2020-08-03 10:36:54.197 [restartedMain] INFO  o.s.c.s.PostProcessorRegistrationDelegate$BeanPostProcessorChecker(PostProcessorRegistrationDelegate.java 330)  - Bean 'org.springframework.security.config.annotation.configuration.ObjectPostProcessorConfiguration' of type [org.springframework.security.config.annotation.configuration.ObjectPostProcessorConfiguration$$EnhancerBySpringCGLIB$$aff07b8a] is not eligible for getting processed by all BeanPostProcessors (for example: not eligible for auto-proxying)
2020-08-03 10:36:54.208 [restartedMain] INFO  o.s.c.s.PostProcessorRegistrationDelegate$BeanPostProcessorChecker(PostProcessorRegistrationDelegate.java 330)  - Bean 'objectPostProcessor' of type [org.springframework.security.config.annotation.configuration.AutowireBeanFactoryObjectPostProcessor] is not eligible for getting processed by all BeanPostProcessors (for example: not eligible for auto-proxying)
2020-08-03 10:36:54.213 [restartedMain] INFO  o.s.c.s.PostProcessorRegistrationDelegate$BeanPostProcessorChecker(PostProcessorRegistrationDelegate.java 330)  - Bean 'org.springframework.security.access.expression.method.DefaultMethodSecurityExpressionHandler@3c8a9c1a' of type [org.springframework.security.access.expression.method.DefaultMethodSecurityExpressionHandler] is not eligible for getting processed by all BeanPostProcessors (for example: not eligible for auto-proxying)
2020-08-03 10:36:54.220 [restartedMain] INFO  o.s.c.s.PostProcessorRegistrationDelegate$BeanPostProcessorChecker(PostProcessorRegistrationDelegate.java 330)  - Bean 'org.springframework.security.config.annotation.method.configuration.GlobalMethodSecurityConfiguration' of type [org.springframework.security.config.annotation.method.configuration.GlobalMethodSecurityConfiguration$$EnhancerBySpringCGLIB$$d4c51e3c] is not eligible for getting processed by all BeanPostProcessors (for example: not eligible for auto-proxying)
2020-08-03 10:36:54.230 [restartedMain] INFO  o.s.c.s.PostProcessorRegistrationDelegate$BeanPostProcessorChecker(PostProcessorRegistrationDelegate.java 330)  - Bean 'methodSecurityMetadataSource' of type [org.springframework.security.access.method.DelegatingMethodSecurityMetadataSource] is not eligible for getting processed by all BeanPostProcessors (for example: not eligible for auto-proxying)
2020-08-03 10:36:54.997 [restartedMain] INFO  o.s.boot.web.embedded.tomcat.TomcatWebServer(TomcatWebServer.java 90)  - Tomcat initialized with port(s): 18080 (http)
2020-08-03 10:36:55.027 [restartedMain] INFO  org.apache.catalina.core.StandardService(DirectJDKLog.java 173)  - Starting service [Tomcat]
2020-08-03 10:36:55.029 [restartedMain] INFO  org.apache.catalina.core.StandardEngine(DirectJDKLog.java 173)  - Starting Servlet engine: [Apache Tomcat/9.0.24]
2020-08-03 10:36:55.039 [restartedMain] INFO  org.apache.catalina.core.AprLifecycleListener(DirectJDKLog.java 173)  - Loaded APR based Apache Tomcat Native library [1.2.23] using APR version [1.7.0].
2020-08-03 10:36:55.039 [restartedMain] INFO  org.apache.catalina.core.AprLifecycleListener(DirectJDKLog.java 173)  - APR capabilities: IPv6 [true], sendfile [true], accept filters [false], random [true].
2020-08-03 10:36:55.040 [restartedMain] INFO  org.apache.catalina.core.AprLifecycleListener(DirectJDKLog.java 173)  - APR/OpenSSL configuration: useAprConnector [false], useOpenSSL [true]
2020-08-03 10:36:55.046 [restartedMain] INFO  org.apache.catalina.core.AprLifecycleListener(DirectJDKLog.java 173)  - OpenSSL successfully initialized [OpenSSL 1.1.1c  28 May 2019]
2020-08-03 10:36:55.317 [restartedMain] INFO  o.a.c.core.ContainerBase.[Tomcat].[localhost].[/](DirectJDKLog.java 173)  - Initializing Spring embedded WebApplicationContext
2020-08-03 10:36:55.317 [restartedMain] INFO  org.springframework.web.context.ContextLoader(ServletWebServerApplicationContext.java 284)  - Root WebApplicationContext: initialization completed in 6785 ms
2020-08-03 10:36:58.028 [restartedMain] WARN  c.b.mybatisplus.core.metadata.TableInfoHelper(TableInfoHelper.java 280)  - Warn: Could not find @TableId in Class: org.singhlee.admin.modules.sys.entity.InfoRmationSchema.
2020-08-03 10:36:58.592 [restartedMain] INFO  o.s.b.actuate.endpoint.web.EndpointLinksResolver(EndpointLinksResolver.java 58)  - Exposing 15 endpoint(s) beneath base path '/actuator'
2020-08-03 10:36:59.004 [restartedMain] INFO  o.s.security.web.DefaultSecurityFilterChain(DefaultSecurityFilterChain.java 43)  - Creating filter chain: Ant [pattern='/js/**'], []
2020-08-03 10:36:59.005 [restartedMain] INFO  o.s.security.web.DefaultSecurityFilterChain(DefaultSecurityFilterChain.java 43)  - Creating filter chain: Ant [pattern='/css/**'], []
2020-08-03 10:36:59.006 [restartedMain] INFO  o.s.security.web.DefaultSecurityFilterChain(DefaultSecurityFilterChain.java 43)  - Creating filter chain: Ant [pattern='/health'], []
2020-08-03 10:36:59.006 [restartedMain] INFO  o.s.security.web.DefaultSecurityFilterChain(DefaultSecurityFilterChain.java 43)  - Creating filter chain: Ant [pattern='/swagger-resources'], []
2020-08-03 10:36:59.007 [restartedMain] INFO  o.s.security.web.DefaultSecurityFilterChain(DefaultSecurityFilterChain.java 43)  - Creating filter chain: Ant [pattern='/swagger-ui.html'], []
2020-08-03 10:36:59.007 [restartedMain] INFO  o.s.security.web.DefaultSecurityFilterChain(DefaultSecurityFilterChain.java 43)  - Creating filter chain: Ant [pattern='/webjars/**'], []
2020-08-03 10:36:59.008 [restartedMain] INFO  o.s.security.web.DefaultSecurityFilterChain(DefaultSecurityFilterChain.java 43)  - Creating filter chain: Ant [pattern='/v2/api-docs/**'], []
2020-08-03 10:36:59.073 [restartedMain] INFO  o.s.security.web.DefaultSecurityFilterChain(DefaultSecurityFilterChain.java 43)  - Creating filter chain: any request, [org.springframework.security.web.context.request.async.WebAsyncManagerIntegrationFilter@2e8b928e, org.springframework.security.web.context.SecurityContextPersistenceFilter@19475f6e, org.springframework.security.web.header.HeaderWriterFilter@2f3f5a72, org.springframework.web.filter.CorsFilter@5899018d, org.springframework.security.web.authentication.logout.LogoutFilter@4af005cc, org.singhlee.admin.interceptor.AuthenticationTokenFilter@2fc6506e, org.springframework.security.web.authentication.UsernamePasswordAuthenticationFilter@10b2f646, org.springframework.security.web.savedrequest.RequestCacheAwareFilter@3fac0df5, org.springframework.security.web.servletapi.SecurityContextHolderAwareRequestFilter@174a7ddc, org.springframework.security.web.authentication.AnonymousAuthenticationFilter@2caf1d2d, org.springframework.security.web.session.SessionManagementFilter@3ac9e931, org.springframework.security.web.access.ExceptionTranslationFilter@512c17ef, org.springframework.security.web.access.intercept.FilterSecurityInterceptor@b915bba]
2020-08-03 10:36:59.215 [restartedMain] INFO  s.d.s.w.PropertySourcedRequestMappingHandlerMapping(PropertySourcedRequestMappingHandlerMapping.java 69)  - Mapped URL path [/v2/api-docs] onto method [public org.springframework.http.ResponseEntity<springfox.documentation.spring.web.json.Json> springfox.documentation.swagger2.web.Swagger2Controller.getDocumentation(java.lang.String,javax.servlet.http.HttpServletRequest)]
2020-08-03 10:36:59.476 [restartedMain] INFO  o.s.scheduling.concurrent.ThreadPoolTaskExecutor(ExecutorConfigurationSupport.java 171)  - Initializing ExecutorService 'applicationTaskExecutor'
2020-08-03 10:36:59.588 [restartedMain] INFO  o.s.b.d.autoconfigure.OptionalLiveReloadServer(OptionalLiveReloadServer.java 57)  - LiveReload server is running on port 35729
2020-08-03 10:37:00.532 [restartedMain] INFO  s.d.s.web.plugins.DocumentationPluginsBootstrapper(DocumentationPluginsBootstrapper.java 160)  - Context refreshed
2020-08-03 10:37:00.569 [restartedMain] INFO  s.d.s.web.plugins.DocumentationPluginsBootstrapper(DocumentationPluginsBootstrapper.java 163)  - Found 1 custom documentation plugin(s)
2020-08-03 10:37:00.631 [restartedMain] INFO  s.d.spring.web.scanners.ApiListingReferenceScanner(ApiListingReferenceScanner.java 41)  - Scanning for api listing references
2020-08-03 10:37:00.953 [restartedMain] INFO  s.d.s.w.r.operation.CachingOperationNameGenerator(CachingOperationNameGenerator.java 40)  - Generating unique operation named: listUsingGET_1
2020-08-03 10:37:00.954 [restartedMain] INFO  s.d.s.w.r.operation.CachingOperationNameGenerator(CachingOperationNameGenerator.java 40)  - Generating unique operation named: listUsingHEAD_1
2020-08-03 10:37:00.957 [restartedMain] INFO  s.d.s.w.r.operation.CachingOperationNameGenerator(CachingOperationNameGenerator.java 40)  - Generating unique operation named: listUsingPOST_1
2020-08-03 10:37:00.959 [restartedMain] INFO  s.d.s.w.r.operation.CachingOperationNameGenerator(CachingOperationNameGenerator.java 40)  - Generating unique operation named: listUsingPUT_1
2020-08-03 10:37:00.960 [restartedMain] INFO  s.d.s.w.r.operation.CachingOperationNameGenerator(CachingOperationNameGenerator.java 40)  - Generating unique operation named: listUsingPATCH_1
2020-08-03 10:37:00.961 [restartedMain] INFO  s.d.s.w.r.operation.CachingOperationNameGenerator(CachingOperationNameGenerator.java 40)  - Generating unique operation named: listUsingDELETE_1
2020-08-03 10:37:00.963 [restartedMain] INFO  s.d.s.w.r.operation.CachingOperationNameGenerator(CachingOperationNameGenerator.java 40)  - Generating unique operation named: listUsingOPTIONS_1
2020-08-03 10:37:00.965 [restartedMain] INFO  s.d.s.w.r.operation.CachingOperationNameGenerator(CachingOperationNameGenerator.java 40)  - Generating unique operation named: listUsingTRACE_1
2020-08-03 10:37:00.979 [restartedMain] INFO  s.d.s.w.r.operation.CachingOperationNameGenerator(CachingOperationNameGenerator.java 40)  - Generating unique operation named: listUsingGET_2
2020-08-03 10:37:00.980 [restartedMain] INFO  s.d.s.w.r.operation.CachingOperationNameGenerator(CachingOperationNameGenerator.java 40)  - Generating unique operation named: listUsingHEAD_2
2020-08-03 10:37:00.982 [restartedMain] INFO  s.d.s.w.r.operation.CachingOperationNameGenerator(CachingOperationNameGenerator.java 40)  - Generating unique operation named: listUsingPOST_2
2020-08-03 10:37:00.984 [restartedMain] INFO  s.d.s.w.r.operation.CachingOperationNameGenerator(CachingOperationNameGenerator.java 40)  - Generating unique operation named: listUsingPUT_2
2020-08-03 10:37:00.985 [restartedMain] INFO  s.d.s.w.r.operation.CachingOperationNameGenerator(CachingOperationNameGenerator.java 40)  - Generating unique operation named: listUsingPATCH_2
2020-08-03 10:37:00.986 [restartedMain] INFO  s.d.s.w.r.operation.CachingOperationNameGenerator(CachingOperationNameGenerator.java 40)  - Generating unique operation named: listUsingDELETE_2
2020-08-03 10:37:00.988 [restartedMain] INFO  s.d.s.w.r.operation.CachingOperationNameGenerator(CachingOperationNameGenerator.java 40)  - Generating unique operation named: listUsingOPTIONS_2
2020-08-03 10:37:00.989 [restartedMain] INFO  s.d.s.w.r.operation.CachingOperationNameGenerator(CachingOperationNameGenerator.java 40)  - Generating unique operation named: listUsingTRACE_2
2020-08-03 10:37:00.992 [restartedMain] INFO  s.d.s.w.r.operation.CachingOperationNameGenerator(CachingOperationNameGenerator.java 40)  - Generating unique operation named: deleteUsingGET_1
2020-08-03 10:37:00.994 [restartedMain] INFO  s.d.s.w.r.operation.CachingOperationNameGenerator(CachingOperationNameGenerator.java 40)  - Generating unique operation named: deleteUsingHEAD_1
2020-08-03 10:37:00.997 [restartedMain] INFO  s.d.s.w.r.operation.CachingOperationNameGenerator(CachingOperationNameGenerator.java 40)  - Generating unique operation named: deleteUsingPOST_1
2020-08-03 10:37:00.998 [restartedMain] INFO  s.d.s.w.r.operation.CachingOperationNameGenerator(CachingOperationNameGenerator.java 40)  - Generating unique operation named: deleteUsingPUT_1
2020-08-03 10:37:00.999 [restartedMain] INFO  s.d.s.w.r.operation.CachingOperationNameGenerator(CachingOperationNameGenerator.java 40)  - Generating unique operation named: deleteUsingPATCH_1
2020-08-03 10:37:01.000 [restartedMain] INFO  s.d.s.w.r.operation.CachingOperationNameGenerator(CachingOperationNameGenerator.java 40)  - Generating unique operation named: deleteUsingDELETE_1
2020-08-03 10:37:01.001 [restartedMain] INFO  s.d.s.w.r.operation.CachingOperationNameGenerator(CachingOperationNameGenerator.java 40)  - Generating unique operation named: deleteUsingOPTIONS_1
2020-08-03 10:37:01.002 [restartedMain] INFO  s.d.s.w.r.operation.CachingOperationNameGenerator(CachingOperationNameGenerator.java 40)  - Generating unique operation named: deleteUsingTRACE_1
2020-08-03 10:37:01.004 [restartedMain] INFO  s.d.s.w.r.operation.CachingOperationNameGenerator(CachingOperationNameGenerator.java 40)  - Generating unique operation named: infoUsingGET_1
2020-08-03 10:37:01.004 [restartedMain] INFO  s.d.s.w.r.operation.CachingOperationNameGenerator(CachingOperationNameGenerator.java 40)  - Generating unique operation named: infoUsingHEAD_1
2020-08-03 10:37:01.006 [restartedMain] INFO  s.d.s.w.r.operation.CachingOperationNameGenerator(CachingOperationNameGenerator.java 40)  - Generating unique operation named: infoUsingPOST_1
2020-08-03 10:37:01.007 [restartedMain] INFO  s.d.s.w.r.operation.CachingOperationNameGenerator(CachingOperationNameGenerator.java 40)  - Generating unique operation named: infoUsingPUT_1
2020-08-03 10:37:01.008 [restartedMain] INFO  s.d.s.w.r.operation.CachingOperationNameGenerator(CachingOperationNameGenerator.java 40)  - Generating unique operation named: infoUsingPATCH_1
2020-08-03 10:37:01.014 [restartedMain] INFO  s.d.s.w.r.operation.CachingOperationNameGenerator(CachingOperationNameGenerator.java 40)  - Generating unique operation named: infoUsingDELETE_1
2020-08-03 10:37:01.015 [restartedMain] INFO  s.d.s.w.r.operation.CachingOperationNameGenerator(CachingOperationNameGenerator.java 40)  - Generating unique operation named: infoUsingOPTIONS_1
2020-08-03 10:37:01.016 [restartedMain] INFO  s.d.s.w.r.operation.CachingOperationNameGenerator(CachingOperationNameGenerator.java 40)  - Generating unique operation named: infoUsingTRACE_1
2020-08-03 10:37:01.025 [restartedMain] INFO  s.d.s.w.r.operation.CachingOperationNameGenerator(CachingOperationNameGenerator.java 40)  - Generating unique operation named: listUsingGET_3
2020-08-03 10:37:01.026 [restartedMain] INFO  s.d.s.w.r.operation.CachingOperationNameGenerator(CachingOperationNameGenerator.java 40)  - Generating unique operation named: listUsingHEAD_3
2020-08-03 10:37:01.027 [restartedMain] INFO  s.d.s.w.r.operation.CachingOperationNameGenerator(CachingOperationNameGenerator.java 40)  - Generating unique operation named: listUsingPOST_3
2020-08-03 10:37:01.028 [restartedMain] INFO  s.d.s.w.r.operation.CachingOperationNameGenerator(CachingOperationNameGenerator.java 40)  - Generating unique operation named: listUsingPUT_3
2020-08-03 10:37:01.029 [restartedMain] INFO  s.d.s.w.r.operation.CachingOperationNameGenerator(CachingOperationNameGenerator.java 40)  - Generating unique operation named: listUsingPATCH_3
2020-08-03 10:37:01.029 [restartedMain] INFO  s.d.s.w.r.operation.CachingOperationNameGenerator(CachingOperationNameGenerator.java 40)  - Generating unique operation named: listUsingDELETE_3
2020-08-03 10:37:01.030 [restartedMain] INFO  s.d.s.w.r.operation.CachingOperationNameGenerator(CachingOperationNameGenerator.java 40)  - Generating unique operation named: listUsingOPTIONS_3
2020-08-03 10:37:01.040 [restartedMain] INFO  s.d.s.w.r.operation.CachingOperationNameGenerator(CachingOperationNameGenerator.java 40)  - Generating unique operation named: listUsingTRACE_3
2020-08-03 10:37:01.053 [restartedMain] INFO  s.d.s.w.r.operation.CachingOperationNameGenerator(CachingOperationNameGenerator.java 40)  - Generating unique operation named: saveUsingGET_1
2020-08-03 10:37:01.054 [restartedMain] INFO  s.d.s.w.r.operation.CachingOperationNameGenerator(CachingOperationNameGenerator.java 40)  - Generating unique operation named: saveUsingHEAD_1
2020-08-03 10:37:01.055 [restartedMain] INFO  s.d.s.w.r.operation.CachingOperationNameGenerator(CachingOperationNameGenerator.java 40)  - Generating unique operation named: saveUsingPOST_1
2020-08-03 10:37:01.056 [restartedMain] INFO  s.d.s.w.r.operation.CachingOperationNameGenerator(CachingOperationNameGenerator.java 40)  - Generating unique operation named: saveUsingPUT_1
2020-08-03 10:37:01.057 [restartedMain] INFO  s.d.s.w.r.operation.CachingOperationNameGenerator(CachingOperationNameGenerator.java 40)  - Generating unique operation named: saveUsingPATCH_1
2020-08-03 10:37:01.058 [restartedMain] INFO  s.d.s.w.r.operation.CachingOperationNameGenerator(CachingOperationNameGenerator.java 40)  - Generating unique operation named: saveUsingDELETE_1
2020-08-03 10:37:01.059 [restartedMain] INFO  s.d.s.w.r.operation.CachingOperationNameGenerator(CachingOperationNameGenerator.java 40)  - Generating unique operation named: saveUsingOPTIONS_1
2020-08-03 10:37:01.060 [restartedMain] INFO  s.d.s.w.r.operation.CachingOperationNameGenerator(CachingOperationNameGenerator.java 40)  - Generating unique operation named: saveUsingTRACE_1
2020-08-03 10:37:01.066 [restartedMain] INFO  s.d.s.w.r.operation.CachingOperationNameGenerator(CachingOperationNameGenerator.java 40)  - Generating unique operation named: updateUsingGET_1
2020-08-03 10:37:01.067 [restartedMain] INFO  s.d.s.w.r.operation.CachingOperationNameGenerator(CachingOperationNameGenerator.java 40)  - Generating unique operation named: updateUsingHEAD_1
2020-08-03 10:37:01.068 [restartedMain] INFO  s.d.s.w.r.operation.CachingOperationNameGenerator(CachingOperationNameGenerator.java 40)  - Generating unique operation named: updateUsingPOST_1
2020-08-03 10:37:01.078 [restartedMain] INFO  s.d.s.w.r.operation.CachingOperationNameGenerator(CachingOperationNameGenerator.java 40)  - Generating unique operation named: updateUsingPUT_1
2020-08-03 10:37:01.079 [restartedMain] INFO  s.d.s.w.r.operation.CachingOperationNameGenerator(CachingOperationNameGenerator.java 40)  - Generating unique operation named: updateUsingPATCH_1
2020-08-03 10:37:01.080 [restartedMain] INFO  s.d.s.w.r.operation.CachingOperationNameGenerator(CachingOperationNameGenerator.java 40)  - Generating unique operation named: updateUsingDELETE_1
2020-08-03 10:37:01.082 [restartedMain] INFO  s.d.s.w.r.operation.CachingOperationNameGenerator(CachingOperationNameGenerator.java 40)  - Generating unique operation named: updateUsingOPTIONS_1
2020-08-03 10:37:01.083 [restartedMain] INFO  s.d.s.w.r.operation.CachingOperationNameGenerator(CachingOperationNameGenerator.java 40)  - Generating unique operation named: updateUsingTRACE_1
2020-08-03 10:37:01.087 [restartedMain] INFO  s.d.s.w.r.operation.CachingOperationNameGenerator(CachingOperationNameGenerator.java 40)  - Generating unique operation named: deleteUsingGET_2
2020-08-03 10:37:01.089 [restartedMain] INFO  s.d.s.w.r.operation.CachingOperationNameGenerator(CachingOperationNameGenerator.java 40)  - Generating unique operation named: deleteUsingHEAD_2
2020-08-03 10:37:01.090 [restartedMain] INFO  s.d.s.w.r.operation.CachingOperationNameGenerator(CachingOperationNameGenerator.java 40)  - Generating unique operation named: deleteUsingPOST_2
2020-08-03 10:37:01.091 [restartedMain] INFO  s.d.s.w.r.operation.CachingOperationNameGenerator(CachingOperationNameGenerator.java 40)  - Generating unique operation named: deleteUsingPUT_2
2020-08-03 10:37:01.092 [restartedMain] INFO  s.d.s.w.r.operation.CachingOperationNameGenerator(CachingOperationNameGenerator.java 40)  - Generating unique operation named: deleteUsingPATCH_2
2020-08-03 10:37:01.093 [restartedMain] INFO  s.d.s.w.r.operation.CachingOperationNameGenerator(CachingOperationNameGenerator.java 40)  - Generating unique operation named: deleteUsingDELETE_2
2020-08-03 10:37:01.094 [restartedMain] INFO  s.d.s.w.r.operation.CachingOperationNameGenerator(CachingOperationNameGenerator.java 40)  - Generating unique operation named: deleteUsingOPTIONS_2
2020-08-03 10:37:01.095 [restartedMain] INFO  s.d.s.w.r.operation.CachingOperationNameGenerator(CachingOperationNameGenerator.java 40)  - Generating unique operation named: deleteUsingTRACE_2
2020-08-03 10:37:01.097 [restartedMain] INFO  s.d.s.w.r.operation.CachingOperationNameGenerator(CachingOperationNameGenerator.java 40)  - Generating unique operation named: infoUsingGET_2
2020-08-03 10:37:01.097 [restartedMain] INFO  s.d.s.w.r.operation.CachingOperationNameGenerator(CachingOperationNameGenerator.java 40)  - Generating unique operation named: infoUsingHEAD_2
2020-08-03 10:37:01.098 [restartedMain] INFO  s.d.s.w.r.operation.CachingOperationNameGenerator(CachingOperationNameGenerator.java 40)  - Generating unique operation named: infoUsingPOST_2
2020-08-03 10:37:01.118 [restartedMain] INFO  s.d.s.w.r.operation.CachingOperationNameGenerator(CachingOperationNameGenerator.java 40)  - Generating unique operation named: infoUsingPUT_2
2020-08-03 10:37:01.119 [restartedMain] INFO  s.d.s.w.r.operation.CachingOperationNameGenerator(CachingOperationNameGenerator.java 40)  - Generating unique operation named: infoUsingPATCH_2
2020-08-03 10:37:01.120 [restartedMain] INFO  s.d.s.w.r.operation.CachingOperationNameGenerator(CachingOperationNameGenerator.java 40)  - Generating unique operation named: infoUsingDELETE_2
2020-08-03 10:37:01.121 [restartedMain] INFO  s.d.s.w.r.operation.CachingOperationNameGenerator(CachingOperationNameGenerator.java 40)  - Generating unique operation named: infoUsingOPTIONS_2
2020-08-03 10:37:01.121 [restartedMain] INFO  s.d.s.w.r.operation.CachingOperationNameGenerator(CachingOperationNameGenerator.java 40)  - Generating unique operation named: infoUsingTRACE_2
2020-08-03 10:37:01.130 [restartedMain] INFO  s.d.s.w.r.operation.CachingOperationNameGenerator(CachingOperationNameGenerator.java 40)  - Generating unique operation named: listUsingGET_4
2020-08-03 10:37:01.131 [restartedMain] INFO  s.d.s.w.r.operation.CachingOperationNameGenerator(CachingOperationNameGenerator.java 40)  - Generating unique operation named: listUsingHEAD_4
2020-08-03 10:37:01.132 [restartedMain] INFO  s.d.s.w.r.operation.CachingOperationNameGenerator(CachingOperationNameGenerator.java 40)  - Generating unique operation named: listUsingPOST_4
2020-08-03 10:37:01.133 [restartedMain] INFO  s.d.s.w.r.operation.CachingOperationNameGenerator(CachingOperationNameGenerator.java 40)  - Generating unique operation named: listUsingPUT_4
2020-08-03 10:37:01.134 [restartedMain] INFO  s.d.s.w.r.operation.CachingOperationNameGenerator(CachingOperationNameGenerator.java 40)  - Generating unique operation named: listUsingPATCH_4
2020-08-03 10:37:01.140 [restartedMain] INFO  s.d.s.w.r.operation.CachingOperationNameGenerator(CachingOperationNameGenerator.java 40)  - Generating unique operation named: listUsingDELETE_4
2020-08-03 10:37:01.141 [restartedMain] INFO  s.d.s.w.r.operation.CachingOperationNameGenerator(CachingOperationNameGenerator.java 40)  - Generating unique operation named: listUsingOPTIONS_4
2020-08-03 10:37:01.142 [restartedMain] INFO  s.d.s.w.r.operation.CachingOperationNameGenerator(CachingOperationNameGenerator.java 40)  - Generating unique operation named: listUsingTRACE_4
2020-08-03 10:37:01.146 [restartedMain] INFO  s.d.s.w.r.operation.CachingOperationNameGenerator(CachingOperationNameGenerator.java 40)  - Generating unique operation named: saveUsingGET_2
2020-08-03 10:37:01.147 [restartedMain] INFO  s.d.s.w.r.operation.CachingOperationNameGenerator(CachingOperationNameGenerator.java 40)  - Generating unique operation named: saveUsingHEAD_2
2020-08-03 10:37:01.148 [restartedMain] INFO  s.d.s.w.r.operation.CachingOperationNameGenerator(CachingOperationNameGenerator.java 40)  - Generating unique operation named: saveUsingPOST_2
2020-08-03 10:37:01.148 [restartedMain] INFO  s.d.s.w.r.operation.CachingOperationNameGenerator(CachingOperationNameGenerator.java 40)  - Generating unique operation named: saveUsingPUT_2
2020-08-03 10:37:01.149 [restartedMain] INFO  s.d.s.w.r.operation.CachingOperationNameGenerator(CachingOperationNameGenerator.java 40)  - Generating unique operation named: saveUsingPATCH_2
2020-08-03 10:37:01.150 [restartedMain] INFO  s.d.s.w.r.operation.CachingOperationNameGenerator(CachingOperationNameGenerator.java 40)  - Generating unique operation named: saveUsingDELETE_2
2020-08-03 10:37:01.151 [restartedMain] INFO  s.d.s.w.r.operation.CachingOperationNameGenerator(CachingOperationNameGenerator.java 40)  - Generating unique operation named: saveUsingOPTIONS_2
2020-08-03 10:37:01.173 [restartedMain] INFO  s.d.s.w.r.operation.CachingOperationNameGenerator(CachingOperationNameGenerator.java 40)  - Generating unique operation named: saveUsingTRACE_2
2020-08-03 10:37:01.177 [restartedMain] INFO  s.d.s.w.r.operation.CachingOperationNameGenerator(CachingOperationNameGenerator.java 40)  - Generating unique operation named: selectUsingGET_1
2020-08-03 10:37:01.193 [restartedMain] INFO  s.d.s.w.r.operation.CachingOperationNameGenerator(CachingOperationNameGenerator.java 40)  - Generating unique operation named: selectUsingHEAD_1
2020-08-03 10:37:01.198 [restartedMain] INFO  s.d.s.w.r.operation.CachingOperationNameGenerator(CachingOperationNameGenerator.java 40)  - Generating unique operation named: selectUsingPOST_1
2020-08-03 10:37:01.199 [restartedMain] INFO  s.d.s.w.r.operation.CachingOperationNameGenerator(CachingOperationNameGenerator.java 40)  - Generating unique operation named: selectUsingPUT_1
2020-08-03 10:37:01.200 [restartedMain] INFO  s.d.s.w.r.operation.CachingOperationNameGenerator(CachingOperationNameGenerator.java 40)  - Generating unique operation named: selectUsingPATCH_1
2020-08-03 10:37:01.201 [restartedMain] INFO  s.d.s.w.r.operation.CachingOperationNameGenerator(CachingOperationNameGenerator.java 40)  - Generating unique operation named: selectUsingDELETE_1
2020-08-03 10:37:01.202 [restartedMain] INFO  s.d.s.w.r.operation.CachingOperationNameGenerator(CachingOperationNameGenerator.java 40)  - Generating unique operation named: selectUsingOPTIONS_1
2020-08-03 10:37:01.202 [restartedMain] INFO  s.d.s.w.r.operation.CachingOperationNameGenerator(CachingOperationNameGenerator.java 40)  - Generating unique operation named: selectUsingTRACE_1
2020-08-03 10:37:01.204 [restartedMain] INFO  s.d.s.w.r.operation.CachingOperationNameGenerator(CachingOperationNameGenerator.java 40)  - Generating unique operation named: updateUsingGET_2
2020-08-03 10:37:01.205 [restartedMain] INFO  s.d.s.w.r.operation.CachingOperationNameGenerator(CachingOperationNameGenerator.java 40)  - Generating unique operation named: updateUsingHEAD_2
2020-08-03 10:37:01.206 [restartedMain] INFO  s.d.s.w.r.operation.CachingOperationNameGenerator(CachingOperationNameGenerator.java 40)  - Generating unique operation named: updateUsingPOST_2
2020-08-03 10:37:01.206 [restartedMain] INFO  s.d.s.w.r.operation.CachingOperationNameGenerator(CachingOperationNameGenerator.java 40)  - Generating unique operation named: updateUsingPUT_2
2020-08-03 10:37:01.212 [restartedMain] INFO  s.d.s.w.r.operation.CachingOperationNameGenerator(CachingOperationNameGenerator.java 40)  - Generating unique operation named: updateUsingPATCH_2
2020-08-03 10:37:01.213 [restartedMain] INFO  s.d.s.w.r.operation.CachingOperationNameGenerator(CachingOperationNameGenerator.java 40)  - Generating unique operation named: updateUsingDELETE_2
2020-08-03 10:37:01.214 [restartedMain] INFO  s.d.s.w.r.operation.CachingOperationNameGenerator(CachingOperationNameGenerator.java 40)  - Generating unique operation named: updateUsingOPTIONS_2
2020-08-03 10:37:01.215 [restartedMain] INFO  s.d.s.w.r.operation.CachingOperationNameGenerator(CachingOperationNameGenerator.java 40)  - Generating unique operation named: updateUsingTRACE_2
2020-08-03 10:37:01.217 [restartedMain] INFO  s.d.s.w.r.operation.CachingOperationNameGenerator(CachingOperationNameGenerator.java 40)  - Generating unique operation named: deleteUsingGET_3
2020-08-03 10:37:01.218 [restartedMain] INFO  s.d.s.w.r.operation.CachingOperationNameGenerator(CachingOperationNameGenerator.java 40)  - Generating unique operation named: deleteUsingHEAD_3
2020-08-03 10:37:01.219 [restartedMain] INFO  s.d.s.w.r.operation.CachingOperationNameGenerator(CachingOperationNameGenerator.java 40)  - Generating unique operation named: deleteUsingPOST_3
2020-08-03 10:37:01.220 [restartedMain] INFO  s.d.s.w.r.operation.CachingOperationNameGenerator(CachingOperationNameGenerator.java 40)  - Generating unique operation named: deleteUsingPUT_3
2020-08-03 10:37:01.221 [restartedMain] INFO  s.d.s.w.r.operation.CachingOperationNameGenerator(CachingOperationNameGenerator.java 40)  - Generating unique operation named: deleteUsingPATCH_3
2020-08-03 10:37:01.222 [restartedMain] INFO  s.d.s.w.r.operation.CachingOperationNameGenerator(CachingOperationNameGenerator.java 40)  - Generating unique operation named: deleteUsingDELETE_3
2020-08-03 10:37:01.227 [restartedMain] INFO  s.d.s.w.r.operation.CachingOperationNameGenerator(CachingOperationNameGenerator.java 40)  - Generating unique operation named: deleteUsingOPTIONS_3
2020-08-03 10:37:01.228 [restartedMain] INFO  s.d.s.w.r.operation.CachingOperationNameGenerator(CachingOperationNameGenerator.java 40)  - Generating unique operation named: deleteUsingTRACE_3
2020-08-03 10:37:01.232 [restartedMain] INFO  s.d.s.w.r.operation.CachingOperationNameGenerator(CachingOperationNameGenerator.java 40)  - Generating unique operation named: infoUsingGET_3
2020-08-03 10:37:01.233 [restartedMain] INFO  s.d.s.w.r.operation.CachingOperationNameGenerator(CachingOperationNameGenerator.java 40)  - Generating unique operation named: infoUsingHEAD_3
2020-08-03 10:37:01.234 [restartedMain] INFO  s.d.s.w.r.operation.CachingOperationNameGenerator(CachingOperationNameGenerator.java 40)  - Generating unique operation named: infoUsingPOST_3
2020-08-03 10:37:01.235 [restartedMain] INFO  s.d.s.w.r.operation.CachingOperationNameGenerator(CachingOperationNameGenerator.java 40)  - Generating unique operation named: infoUsingPUT_3
2020-08-03 10:37:01.236 [restartedMain] INFO  s.d.s.w.r.operation.CachingOperationNameGenerator(CachingOperationNameGenerator.java 40)  - Generating unique operation named: infoUsingPATCH_3
2020-08-03 10:37:01.237 [restartedMain] INFO  s.d.s.w.r.operation.CachingOperationNameGenerator(CachingOperationNameGenerator.java 40)  - Generating unique operation named: infoUsingDELETE_3
2020-08-03 10:37:01.238 [restartedMain] INFO  s.d.s.w.r.operation.CachingOperationNameGenerator(CachingOperationNameGenerator.java 40)  - Generating unique operation named: infoUsingOPTIONS_3
2020-08-03 10:37:01.239 [restartedMain] INFO  s.d.s.w.r.operation.CachingOperationNameGenerator(CachingOperationNameGenerator.java 40)  - Generating unique operation named: infoUsingTRACE_3
2020-08-03 10:37:01.241 [restartedMain] INFO  s.d.s.w.r.operation.CachingOperationNameGenerator(CachingOperationNameGenerator.java 40)  - Generating unique operation named: infoUsingGET_4
2020-08-03 10:37:01.242 [restartedMain] INFO  s.d.s.w.r.operation.CachingOperationNameGenerator(CachingOperationNameGenerator.java 40)  - Generating unique operation named: infoUsingHEAD_4
2020-08-03 10:37:01.243 [restartedMain] INFO  s.d.s.w.r.operation.CachingOperationNameGenerator(CachingOperationNameGenerator.java 40)  - Generating unique operation named: infoUsingPOST_4
2020-08-03 10:37:01.244 [restartedMain] INFO  s.d.s.w.r.operation.CachingOperationNameGenerator(CachingOperationNameGenerator.java 40)  - Generating unique operation named: infoUsingPUT_4
2020-08-03 10:37:01.244 [restartedMain] INFO  s.d.s.w.r.operation.CachingOperationNameGenerator(CachingOperationNameGenerator.java 40)  - Generating unique operation named: infoUsingPATCH_4
2020-08-03 10:37:01.245 [restartedMain] INFO  s.d.s.w.r.operation.CachingOperationNameGenerator(CachingOperationNameGenerator.java 40)  - Generating unique operation named: infoUsingDELETE_4
2020-08-03 10:37:01.246 [restartedMain] INFO  s.d.s.w.r.operation.CachingOperationNameGenerator(CachingOperationNameGenerator.java 40)  - Generating unique operation named: infoUsingOPTIONS_4
2020-08-03 10:37:01.247 [restartedMain] INFO  s.d.s.w.r.operation.CachingOperationNameGenerator(CachingOperationNameGenerator.java 40)  - Generating unique operation named: infoUsingTRACE_4
2020-08-03 10:37:01.262 [restartedMain] INFO  s.d.s.w.r.operation.CachingOperationNameGenerator(CachingOperationNameGenerator.java 40)  - Generating unique operation named: listUsingPOST_5
2020-08-03 10:37:01.273 [restartedMain] INFO  s.d.s.w.r.operation.CachingOperationNameGenerator(CachingOperationNameGenerator.java 40)  - Generating unique operation named: saveUsingGET_3
2020-08-03 10:37:01.274 [restartedMain] INFO  s.d.s.w.r.operation.CachingOperationNameGenerator(CachingOperationNameGenerator.java 40)  - Generating unique operation named: saveUsingHEAD_3
2020-08-03 10:37:01.275 [restartedMain] INFO  s.d.s.w.r.operation.CachingOperationNameGenerator(CachingOperationNameGenerator.java 40)  - Generating unique operation named: saveUsingPOST_3
2020-08-03 10:37:01.276 [restartedMain] INFO  s.d.s.w.r.operation.CachingOperationNameGenerator(CachingOperationNameGenerator.java 40)  - Generating unique operation named: saveUsingPUT_3
2020-08-03 10:37:01.277 [restartedMain] INFO  s.d.s.w.r.operation.CachingOperationNameGenerator(CachingOperationNameGenerator.java 40)  - Generating unique operation named: saveUsingPATCH_3
2020-08-03 10:37:01.278 [restartedMain] INFO  s.d.s.w.r.operation.CachingOperationNameGenerator(CachingOperationNameGenerator.java 40)  - Generating unique operation named: saveUsingDELETE_3
2020-08-03 10:37:01.279 [restartedMain] INFO  s.d.s.w.r.operation.CachingOperationNameGenerator(CachingOperationNameGenerator.java 40)  - Generating unique operation named: saveUsingOPTIONS_3
2020-08-03 10:37:01.280 [restartedMain] INFO  s.d.s.w.r.operation.CachingOperationNameGenerator(CachingOperationNameGenerator.java 40)  - Generating unique operation named: saveUsingTRACE_3
2020-08-03 10:37:01.281 [restartedMain] INFO  s.d.s.w.r.operation.CachingOperationNameGenerator(CachingOperationNameGenerator.java 40)  - Generating unique operation named: updateUsingGET_3
2020-08-03 10:37:01.282 [restartedMain] INFO  s.d.s.w.r.operation.CachingOperationNameGenerator(CachingOperationNameGenerator.java 40)  - Generating unique operation named: updateUsingHEAD_3
2020-08-03 10:37:01.283 [restartedMain] INFO  s.d.s.w.r.operation.CachingOperationNameGenerator(CachingOperationNameGenerator.java 40)  - Generating unique operation named: updateUsingPOST_3
2020-08-03 10:37:01.284 [restartedMain] INFO  s.d.s.w.r.operation.CachingOperationNameGenerator(CachingOperationNameGenerator.java 40)  - Generating unique operation named: updateUsingPUT_3
2020-08-03 10:37:01.285 [restartedMain] INFO  s.d.s.w.r.operation.CachingOperationNameGenerator(CachingOperationNameGenerator.java 40)  - Generating unique operation named: updateUsingPATCH_3
2020-08-03 10:37:01.285 [restartedMain] INFO  s.d.s.w.r.operation.CachingOperationNameGenerator(CachingOperationNameGenerator.java 40)  - Generating unique operation named: updateUsingDELETE_3
2020-08-03 10:37:01.286 [restartedMain] INFO  s.d.s.w.r.operation.CachingOperationNameGenerator(CachingOperationNameGenerator.java 40)  - Generating unique operation named: updateUsingOPTIONS_3
2020-08-03 10:37:01.287 [restartedMain] INFO  s.d.s.w.r.operation.CachingOperationNameGenerator(CachingOperationNameGenerator.java 40)  - Generating unique operation named: updateUsingTRACE_3
2020-08-03 10:37:01.365 [restartedMain] INFO  o.s.boot.web.embedded.tomcat.TomcatWebServer(TomcatWebServer.java 202)  - Tomcat started on port(s): 18080 (http) with context path ''
2020-08-03 10:37:01.370 [restartedMain] INFO  org.singhlee.admin.AdminApplication(StartupInfoLogger.java 59)  - Started AdminApplication in 15.252 seconds (JVM running for 18.776)
2020-08-03 10:37:01.386 [restartedMain] INFO  org.singhlee.admin.AdminApplication(AdminApplication.java 17)  - ==================管理系统启动成功================
2020-08-03 10:37:01.386 [restartedMain] INFO  org.singhlee.admin.AdminApplication(AdminApplication.java 18)  - ==================当前项目目录：G:\IdeaProjects\admin-backend================
2020-08-03 10:37:02.211 [RMI TCP Connection(2)-10.8.0.14] INFO  com.zaxxer.hikari.HikariDataSource(HikariDataSource.java 110)  - HikariPool-1 - Starting...
2020-08-03 10:37:02.242 [RMI TCP Connection(3)-10.8.0.14] INFO  o.a.c.core.ContainerBase.[Tomcat].[localhost].[/](DirectJDKLog.java 173)  - Initializing Spring DispatcherServlet 'dispatcherServlet'
2020-08-03 10:37:02.242 [RMI TCP Connection(3)-10.8.0.14] INFO  org.springframework.web.servlet.DispatcherServlet(FrameworkServlet.java 524)  - Initializing Servlet 'dispatcherServlet'
2020-08-03 10:37:02.736 [RMI TCP Connection(3)-10.8.0.14] INFO  org.springframework.web.servlet.DispatcherServlet(FrameworkServlet.java 546)  - Completed initialization in 494 ms
2020-08-03 10:37:03.176 [RMI TCP Connection(2)-10.8.0.14] INFO  com.zaxxer.hikari.HikariDataSource(HikariDataSource.java 123)  - HikariPool-1 - Start completed.
2020-08-03 10:37:03.588 [parallel-1] INFO  io.lettuce.core.EpollProvider(EpollProvider.java 68)  - Starting without optional epoll library
2020-08-03 10:37:03.590 [parallel-1] INFO  io.lettuce.core.KqueueProvider(KqueueProvider.java 70)  - Starting without optional kqueue library
2020-08-03 10:37:31.375 [Thread-27] INFO  o.s.scheduling.concurrent.ThreadPoolTaskExecutor(ExecutorConfigurationSupport.java 208)  - Shutting down ExecutorService 'applicationTaskExecutor'
2020-08-03 10:37:32.523 [Thread-27] INFO  com.zaxxer.hikari.HikariDataSource(HikariDataSource.java 350)  - HikariPool-1 - Shutdown initiated...
2020-08-03 10:37:32.535 [Thread-27] INFO  com.zaxxer.hikari.HikariDataSource(HikariDataSource.java 352)  - HikariPool-1 - Shutdown completed.
